# JRE version: OpenJDK Runtime Environment Temurin-21.0.2+13 (21.0.2+13) (build 21.0.2+13-LTS)
# Java VM: OpenJDK 64-Bit Server VM Temurin-21.0.2+13 (21.0.2+13-LTS, mixed mode, tiered, compressed oops, compressed class ptrs, g1 gc, bsd-aarch64)
GC Precious Log:
 CardTable entry size: 512
 Card Set container configuration: InlinePtr #cards 4 size 8 Array Of Cards #cards 64 size 144 Howl #buckets 8 coarsen threshold 14745 Howl Bitmap #cards 2048 size 272 coarsen threshold 1843 Card regions per heap region 1 cards per card region 16384
 CPUs: 16 total, 16 available
 Memory: 65536M
 Large Page Support: Disabled
 NUMA Support: Disabled
 Compressed Oops: Enabled (Zero based)
 Heap Region Size: 8M
 Heap Min Capacity: 8M
 Heap Initial Capacity: 1G
 Heap Max Capacity: 16G
 Pre-touch: Disabled
 Parallel Workers: 13
 Concurrent Workers: 3
 Concurrent Refinement Workers: 13
 Periodic GC: Disabled
Heap:
 garbage-first heap   total 1875968K, used 1113964K [0x0000000400000000, 0x0000000800000000)
  region size 8192K, 2 young (16384K), 1 survivors (8192K)
 Metaspace       used 25836K, committed 26176K, reserved 1114112K
  class space    used 2279K, committed 2432K, reserved 1048576K
GC Heap History (20 events):
Event: 6.068 GC heap before
{Heap before GC invocations=19 (full 0):
 garbage-first heap   total 360448K, used 151723K [0x0000000400000000, 0x0000000800000000)
  region size 8192K, 2 young (16384K), 1 survivors (8192K)
 Metaspace       used 24929K, committed 25280K, reserved 1114112K
  class space    used 2226K, committed 2368K, reserved 1048576K
}
Event: 6.069 GC heap after
{Heap after GC invocations=20 (full 0):
 garbage-first heap   total 360448K, used 146631K [0x0000000400000000, 0x0000000800000000)
  region size 8192K, 1 young (8192K), 1 survivors (8192K)
 Metaspace       used 24929K, committed 25280K, reserved 1114112K
  class space    used 2226K, committed 2368K, reserved 1048576K
}
Event: 6.073 GC heap before
{Heap before GC invocations=20 (full 0):
 garbage-first heap   total 425984K, used 351431K [0x0000000400000000, 0x0000000800000000)
  region size 8192K, 2 young (16384K), 1 survivors (8192K)
 Metaspace       used 24929K, committed 25280K, reserved 1114112K
  class space    used 2226K, committed 2368K, reserved 1048576K
}
Event: 6.074 GC heap after
{Heap after GC invocations=21 (full 0):
 garbage-first heap   total 425984K, used 351059K [0x0000000400000000, 0x0000000800000000)
  region size 8192K, 1 young (8192K), 1 survivors (8192K)
 Metaspace       used 24929K, committed 25280K, reserved 1114112K
  class space    used 2226K, committed 2368K, reserved 1048576K
}
Event: 6.432 GC heap before
{Heap before GC invocations=22 (full 0):
 garbage-first heap   total 1146880K, used 1014611K [0x0000000400000000, 0x0000000800000000)
  region size 8192K, 2 young (16384K), 1 survivors (8192K)
 Metaspace       used 24988K, committed 25344K, reserved 1114112K
  class space    used 2232K, committed 2368K, reserved 1048576K
}
Event: 6.433 GC heap after
{Heap after GC invocations=23 (full 0):
 garbage-first heap   total 1146880K, used 72476K [0x0000000400000000, 0x0000000800000000)
  region size 8192K, 1 young (8192K), 1 survivors (8192K)
 Metaspace       used 24988K, committed 25344K, reserved 1114112K
  class space    used 2232K, committed 2368K, reserved 1048576K
}
Event: 6.436 GC heap before
{Heap before GC invocations=23 (full 0):
 garbage-first heap   total 1146880K, used 482076K [0x0000000400000000, 0x0000000800000000)
  region size 8192K, 2 young (16384K), 1 survivors (8192K)
 Metaspace       used 24988K, committed 25344K, reserved 1114112K
  class space    used 2232K, committed 2368K, reserved 1048576K
}
Event: 6.437 GC heap after
{Heap after GC invocations=24 (full 0):
 garbage-first heap   total 1146880K, used 482072K [0x0000000400000000, 0x0000000800000000)
  region size 8192K, 1 young (8192K), 1 survivors (8192K)
 Metaspace       used 24988K, committed 25344K, reserved 1114112K
  class space    used 2232K, committed 2368K, reserved 1048576K
}
Event: 6.438 GC heap before
{Heap before GC invocations=24 (full 0):
 garbage-first heap   total 1146880K, used 621336K [0x0000000400000000, 0x0000000800000000)
  region size 8192K, 1 young (8192K), 1 survivors (8192K)
 Metaspace       used 24988K, committed 25344K, reserved 1114112K
  class space    used 2232K, committed 2368K, reserved 1048576K
}
Event: 6.438 GC heap after
{Heap after GC invocations=25 (full 0):
 garbage-first heap   total 1146880K, used 621333K [0x0000000400000000, 0x0000000800000000)
  region size 8192K, 1 young (8192K), 1 survivors (8192K)
 Metaspace       used 24988K, committed 25344K, reserved 1114112K
  class space    used 2232K, committed 2368K, reserved 1048576K
}
Event: 6.736 GC heap before
{Heap before GC invocations=26 (full 0):
 garbage-first heap   total 1712128K, used 1014549K [0x0000000400000000, 0x0000000800000000)
  region size 8192K, 2 young (16384K), 1 survivors (8192K)
 Metaspace       used 25115K, committed 25472K, reserved 1114112K
  class space    used 2243K, committed 2432K, reserved 1048576K
}
Event: 6.737 GC heap after
{Heap after GC invocations=27 (full 0):
 garbage-first heap   total 1712128K, used 72497K [0x0000000400000000, 0x0000000800000000)
  region size 8192K, 1 young (8192K), 1 survivors (8192K)
 Metaspace       used 25115K, committed 25472K, reserved 1114112K
  class space    used 2243K, committed 2432K, reserved 1048576K
}
Event: 13.572 GC heap before
{Heap before GC invocations=27 (full 0):
 garbage-first heap   total 1712128K, used 1293105K [0x0000000400000000, 0x0000000800000000)
  region size 8192K, 125 young (1024000K), 1 survivors (8192K)
 Metaspace       used 25816K, committed 26112K, reserved 1114112K
  class space    used 2279K, committed 2432K, reserved 1048576K
}
Event: 13.630 GC heap after
{Heap after GC invocations=28 (full 0):
 garbage-first heap   total 1712128K, used 411057K [0x0000000400000000, 0x0000000800000000)
  region size 8192K, 16 young (131072K), 16 survivors (131072K)
 Metaspace       used 25816K, committed 26112K, reserved 1114112K
  class space    used 2279K, committed 2432K, reserved 1048576K
}
Event: 13.631 GC heap before
{Heap before GC invocations=28 (full 0):
 garbage-first heap   total 1712128K, used 419249K [0x0000000400000000, 0x0000000800000000)
  region size 8192K, 17 young (139264K), 16 survivors (131072K)
 Metaspace       used 25816K, committed 26176K, reserved 1114112K
  class space    used 2279K, committed 2432K, reserved 1048576K
}
Event: 13.650 GC heap after
{Heap after GC invocations=29 (full 0):
 garbage-first heap   total 1712128K, used 418305K [0x0000000400000000, 0x0000000800000000)
  region size 8192K, 1 young (8192K), 1 survivors (8192K)
 Metaspace       used 25816K, committed 26176K, reserved 1114112K
  class space    used 2279K, committed 2432K, reserved 1048576K
}
Event: 14.114 GC heap before
{Heap before GC invocations=29 (full 0):
 garbage-first heap   total 1712128K, used 803329K [0x0000000400000000, 0x0000000800000000)
  region size 8192K, 24 young (196608K), 1 survivors (8192K)
 Metaspace       used 25826K, committed 26176K, reserved 1114112K
  class space    used 2279K, committed 2432K, reserved 1048576K
}
Event: 14.115 GC heap after
{Heap after GC invocations=30 (full 0):
 garbage-first heap   total 1712128K, used 625373K [0x0000000400000000, 0x0000000800000000)
  region size 8192K, 1 young (8192K), 1 survivors (8192K)
 Metaspace       used 25826K, committed 26176K, reserved 1114112K
  class space    used 2279K, committed 2432K, reserved 1048576K
}
Event: 14.116 GC heap before
{Heap before GC invocations=30 (full 0):
 garbage-first heap   total 1712128K, used 830173K [0x0000000400000000, 0x0000000800000000)
  region size 8192K, 2 young (16384K), 1 survivors (8192K)
 Metaspace       used 25826K, committed 26176K, reserved 1114112K
  class space    used 2279K, committed 2432K, reserved 1048576K
}
Event: 14.116 GC heap after
{Heap after GC invocations=31 (full 0):
 garbage-first heap   total 1712128K, used 827244K [0x0000000400000000, 0x0000000800000000)
  region size 8192K, 1 young (8192K), 1 survivors (8192K)
 Metaspace       used 25826K, committed 26176K, reserved 1114112K
  class space    used 2279K, committed 2432K, reserved 1048576K
}

